SF:/Users/lapis/Projects/coverage/add/src/main.rs
FN:44,_RNCNvNtCsfGi5GQNOaPE_3add5testss_19test_fetch_todo_api0B5_
FN:13,_RNCNvCsfGi5GQNOaPE_3add14fetch_todo_api0B3_
FN:18,_RNvCsfGi5GQNOaPE_3add12todo_details
FN:13,_RNvCsfGi5GQNOaPE_3add14fetch_todo_api
FN:26,_RNCNvCsfGi5GQNOaPE_3add4main0B3_
FN:26,_RNvCsfGi5GQNOaPE_3add4main
FN:67,_RNvNtCsfGi5GQNOaPE_3add5testss_17test_todo_details
FN:44,_RNvNtCsfGi5GQNOaPE_3add5testss_19test_fetch_todo_api
FNDA:1,_RNCNvNtCsfGi5GQNOaPE_3add5testss_19test_fetch_todo_api0B5_
FNDA:1,_RNCNvCsfGi5GQNOaPE_3add14fetch_todo_api0B3_
FNDA:1,_RNvCsfGi5GQNOaPE_3add12todo_details
FNDA:1,_RNvCsfGi5GQNOaPE_3add14fetch_todo_api
FNDA:0,_RNCNvCsfGi5GQNOaPE_3add4main0B3_
FNDA:0,_RNvCsfGi5GQNOaPE_3add4main
FNDA:1,_RNvNtCsfGi5GQNOaPE_3add5testss_17test_todo_details
FNDA:1,_RNvNtCsfGi5GQNOaPE_3add5testss_19test_fetch_todo_api
FNF:8
FNH:6
DA:13,1
DA:14,1
DA:15,1
DA:16,1
DA:18,1
DA:19,1
DA:20,1
DA:23,1
DA:26,0
DA:27,0
DA:28,0
DA:29,0
DA:30,0
DA:31,0
DA:32,0
DA:33,0
DA:34,0
DA:35,0
DA:36,0
DA:37,0
DA:44,1
DA:45,1
DA:46,1
DA:47,1
DA:49,1
DA:50,1
DA:51,1
DA:52,1
DA:53,1
DA:55,1
DA:56,1
DA:58,1
DA:59,1
DA:60,1
DA:61,1
DA:63,1
DA:64,1
DA:67,1
DA:68,1
DA:69,1
DA:70,1
DA:71,1
DA:72,1
DA:73,1
DA:75,1
DA:77,1
DA:78,1
BRF:0
BRH:0
LF:60
LH:38
end_of_record